0 info it worked if it ends with ok
1 verbose cli [ 'node', '/usr/local/bin/npm', 'start' ]
2 info using npm@3.8.3
3 info using node@v0.12.7
4 verbose run-script [ 'prestart', 'start', 'poststart' ]
5 info lifecycle angular-seed@1.0.0~prestart: angular-seed@1.0.0
6 verbose lifecycle angular-seed@1.0.0~prestart: unsafe-perm in lifecycle true
7 verbose lifecycle angular-seed@1.0.0~prestart: PATH: /usr/local/lib/node_modules/npm/bin/node-gyp-bin:/Users/spivotron/Desktop/Webenertia/WeEats/node_modules/.bin:/usr/local/bin:/usr/local/bin:/usr/bin:/bin:/usr/sbin:/sbin
8 verbose lifecycle angular-seed@1.0.0~prestart: CWD: /Users/spivotron/Desktop/Webenertia/WeEats
9 silly lifecycle angular-seed@1.0.0~prestart: Args: [ '-c', 'npm install' ]
10 silly lifecycle angular-seed@1.0.0~prestart: Returned: code: 1  signal: null
11 info lifecycle angular-seed@1.0.0~prestart: Failed to exec prestart script
12 verbose stack Error: angular-seed@1.0.0 prestart: `npm install`
12 verbose stack Exit status 1
12 verbose stack     at EventEmitter.<anonymous> (/usr/local/lib/node_modules/npm/lib/utils/lifecycle.js:239:16)
12 verbose stack     at EventEmitter.emit (events.js:110:17)
12 verbose stack     at ChildProcess.<anonymous> (/usr/local/lib/node_modules/npm/lib/utils/spawn.js:24:14)
12 verbose stack     at ChildProcess.emit (events.js:110:17)
12 verbose stack     at maybeClose (child_process.js:1015:16)
12 verbose stack     at Process.ChildProcess._handle.onexit (child_process.js:1087:5)
13 verbose pkgid angular-seed@1.0.0
14 verbose cwd /Users/spivotron/Desktop/Webenertia/WeEats/app
15 error Darwin 15.3.0
16 error argv "node" "/usr/local/bin/npm" "start"
17 error node v0.12.7
18 error npm  v3.8.3
19 error code ELIFECYCLE
20 error angular-seed@1.0.0 prestart: `npm install`
20 error Exit status 1
21 error Failed at the angular-seed@1.0.0 prestart script 'npm install'.
21 error Make sure you have the latest version of node.js and npm installed.
21 error If you do, this is most likely a problem with the angular-seed package,
21 error not with npm itself.
21 error Tell the author that this fails on your system:
21 error     npm install
21 error You can get information on how to open an issue for this project with:
21 error     npm bugs angular-seed
21 error Or if that isn't available, you can get their info via:
21 error     npm owner ls angular-seed
21 error There is likely additional logging output above.
22 verbose exit [ 1, true ]
